========================================
 Grading Started for project03
========================================

----------------------------------------
Grading: student1
----------------------------------------
#0 building with "desktop-linux" instance using docker driver

#1 [internal] load build definition from Dockerfile
#1 transferring dockerfile: 274B done
#1 DONE 0.0s

#2 [internal] load metadata for docker.io/library/alpine:latest
#2 DONE 0.4s

#3 [internal] load .dockerignore
#3 transferring context: 2B done
#3 DONE 0.0s

#4 [1/4] FROM docker.io/library/alpine:latest@sha256:25109184c71bdad752c8312a8623239686a9a2071e8825f20acb8f2198c3f659
#4 resolve docker.io/library/alpine:latest@sha256:25109184c71bdad752c8312a8623239686a9a2071e8825f20acb8f2198c3f659 0.0s done
#4 DONE 0.0s

#5 [internal] load build context
#5 transferring context: 31B done
#5 DONE 0.0s

#6 [2/4] RUN apk add --no-cache bash
#6 CACHED

#7 [3/4] COPY program.sh /program.sh
#7 CACHED

#8 [4/4] RUN chmod +x /program.sh
#8 CACHED

#9 exporting to image
#9 exporting layers done
#9 exporting manifest sha256:a6e4b07be5b9d32469f87fbb1cd00991f59b548790a1f5c061f01aaf04267314 done
#9 exporting config sha256:9d32a4d04a131b334dade729ccd9febb47cfa801b31153c22068e3e3411c2dc4 done
#9 exporting attestation manifest sha256:a2a77e22db037dad679aec71681854dfc4058be02734f61870a64639e50e467e 0.0s done
#9 exporting manifest list sha256:4f906726288520d1a2476a949b858b55d99204207a66bac08f98810d2a6492d6
#9 exporting manifest list sha256:4f906726288520d1a2476a949b858b55d99204207a66bac08f98810d2a6492d6 0.0s done
#9 naming to docker.io/library/student1_project03_img:latest done
#9 unpacking to docker.io/library/student1_project03_img:latest 0.1s done
#9 DONE 0.2s
  ✔ Build successful
  Running Test: test1
exec /program.sh: no such file or directory
    ❌ Runtime failure or timeout
Final Score for student1: 90 / 100

========================================
 FINAL SUMMARY
========================================
Total Students: 1
Passed: 1
Failed: 0
Log File: grading_20260212_213014.log
========================================
