========================================
 Grading Started for project03
========================================

----------------------------------------
Grading: student1
----------------------------------------
#0 building with "desktop-linux" instance using docker driver

#1 [internal] load build definition from Dockerfile
#1 transferring dockerfile: 290B 0.0s done
#1 DONE 0.0s

#2 [internal] load metadata for docker.io/library/alpine:latest
#2 DONE 0.3s

#3 [internal] load .dockerignore
#3 transferring context: 2B done
#3 DONE 0.0s

#4 [1/4] FROM docker.io/library/alpine:latest@sha256:25109184c71bdad752c8312a8623239686a9a2071e8825f20acb8f2198c3f659
#4 resolve docker.io/library/alpine:latest@sha256:25109184c71bdad752c8312a8623239686a9a2071e8825f20acb8f2198c3f659 0.0s done
#4 DONE 0.0s

#5 [internal] load build context
#5 transferring context: 118B done
#5 DONE 0.0s

#6 [2/4] RUN apk add --no-cache bash
#6 CACHED

#7 [3/4] COPY program.sh /program.sh
#7 DONE 0.1s

#8 [4/4] RUN chmod +x /program.sh
#8 DONE 0.4s

#9 exporting to image
#9 exporting layers
#9 exporting layers 0.2s done
#9 exporting manifest sha256:aa18439e2ed554bd9c9102478787b236adb8fd34ebbb06a2c83c4792ed7594ee 0.0s done
#9 exporting config sha256:98b4410dc249aad3a4a88b38b2e0c2630d66b111c3f889bab61d6fbf3ac99289 0.0s done
#9 exporting attestation manifest sha256:088cdfd20ec30e719f7fb666d1a6a99fa12b10dd4c657ab245db66dc6776f64a 0.1s done
#9 exporting manifest list sha256:958e8015168200b3b714da4ac1e12487205b37e9702713e36b6acf7a462ab62a
#9 exporting manifest list sha256:958e8015168200b3b714da4ac1e12487205b37e9702713e36b6acf7a462ab62a 0.0s done
#9 naming to docker.io/library/student1_project03_img:latest done
#9 unpacking to docker.io/library/student1_project03_img:latest 0.1s done
#9 DONE 0.5s
  ✔ Build successful
  Running Test: test1
    ✔ PASS
Final Score for student1: 100 / 100

========================================
 FINAL SUMMARY
========================================
Total Students: 1
Passed: 1
Failed: 0
Log File: grading_20260212_215031.log
========================================
