========================================
 Grading Started for project03
========================================

----------------------------------------
Grading: student1
----------------------------------------
#0 building with "desktop-linux" instance using docker driver

#1 [internal] load build definition from Dockerfile
#1 transferring dockerfile: 307B 0.0s done
#1 DONE 0.1s

#2 [internal] load metadata for docker.io/library/alpine:latest
#2 DONE 1.1s

#3 [internal] load .dockerignore
#3 transferring context: 2B done
#3 DONE 0.0s

#4 [1/4] FROM docker.io/library/alpine:latest@sha256:25109184c71bdad752c8312a8623239686a9a2071e8825f20acb8f2198c3f659
#4 resolve docker.io/library/alpine:latest@sha256:25109184c71bdad752c8312a8623239686a9a2071e8825f20acb8f2198c3f659 0.0s done
#4 DONE 0.1s

#5 [internal] load build context
#5 transferring context: 118B done
#5 DONE 0.0s

#4 [1/4] FROM docker.io/library/alpine:latest@sha256:25109184c71bdad752c8312a8623239686a9a2071e8825f20acb8f2198c3f659
#4 sha256:589002ba0eaed121a1dbf42f6648f29e5be55d5c8a6ee0f8eaa0285cc21ac153 0B / 3.86MB 0.2s
#4 sha256:589002ba0eaed121a1dbf42f6648f29e5be55d5c8a6ee0f8eaa0285cc21ac153 3.15MB / 3.86MB 0.5s
#4 sha256:589002ba0eaed121a1dbf42f6648f29e5be55d5c8a6ee0f8eaa0285cc21ac153 3.86MB / 3.86MB 0.5s done
#4 extracting sha256:589002ba0eaed121a1dbf42f6648f29e5be55d5c8a6ee0f8eaa0285cc21ac153 0.1s done
#4 DONE 0.7s

#6 [2/4] RUN apk add --no-cache bash
#6 0.911 (1/4) Installing ncurses-terminfo-base (6.5_p20251123-r0)
#6 0.931 (2/4) Installing libncursesw (6.5_p20251123-r0)
#6 0.966 (3/4) Installing readline (8.3.1-r0)
#6 0.996 (4/4) Installing bash (5.3.3-r1)
#6 1.063   Executing bash-5.3.3-r1.post-install
#6 1.067 Executing busybox-1.37.0-r30.trigger
#6 1.074 OK: 10.1 MiB in 20 packages
#6 DONE 1.1s

#7 [3/4] COPY program.sh /program.sh
#7 DONE 0.0s

#8 [4/4] RUN chmod +x /program.sh
#8 DONE 0.2s

#9 exporting to image
#9 exporting layers
#9 exporting layers 0.2s done
#9 exporting manifest sha256:a6e4b07be5b9d32469f87fbb1cd00991f59b548790a1f5c061f01aaf04267314 0.0s done
#9 exporting config sha256:9d32a4d04a131b334dade729ccd9febb47cfa801b31153c22068e3e3411c2dc4 0.0s done
#9 exporting attestation manifest sha256:43c566ed026b3ffdcc4f45be869de795cba0b30983d1eb58cba47859c9137336 0.0s done
#9 exporting manifest list sha256:0bdd76a46c43e33538307a28ea93dd7dfb2062b54a5b33f103d3a18aba584002 0.0s done
#9 naming to docker.io/library/student1_project03_img:latest done
#9 unpacking to docker.io/library/student1_project03_img:latest 0.1s done
#9 DONE 0.4s
  ✔ Build successful
  Running Test: test1
exec /program.sh: no such file or directory
    ❌ Runtime failure or timeout
Final Score for student1: 90 / 100

========================================
 FINAL SUMMARY
========================================
Total Students: 1
Passed: 1
Failed: 0
Log File: grading_20260212_212409.log
========================================
